Release 12.2 Map M.63c (nt64)
Xilinx Mapping Report File for Design 'Atomic_top'

Design Information
------------------
Command Line   : map -intstyle ise -p xc3s200a-vq100-5 -cm area -ir off -pr off
-c 100 -o Atomic_top_map.ncd Atomic_top.ngd Atomic_top.pcf 
Target Device  : xc3s200a
Target Package : vq100
Target Speed   : -5
Mapper Version : spartan3a -- $Revision: 1.52 $
Mapped Date    : Sat Apr 06 15:44:36 2013

Design Summary
--------------
Number of errors:      0
Number of warnings:   73
Logic Utilization:
  Number of Slice Flip Flops:           637 out of   3,584   17%
  Number of 4 input LUTs:             1,768 out of   3,584   49%
Logic Distribution:
  Number of occupied Slices:          1,144 out of   1,792   63%
    Number of Slices containing only related logic:   1,144 out of   1,144 100%
    Number of Slices containing unrelated logic:          0 out of   1,144   0%
      *See NOTES below for an explanation of the effects of unrelated logic.
  Total Number of 4 input LUTs:       1,888 out of   3,584   52%
    Number used as logic:             1,759
    Number used as a route-thru:        120
    Number used as Shift registers:       9

  The Slice Logic Distribution report is not meaningful if the design is
  over-mapped for a non-slice resource or if Placement fails.

  Number of bonded IOBs:                 56 out of      68   82%
  Number of BUFGMUXs:                     2 out of      24    8%
  Number of DCMs:                         2 out of       4   50%
  Number of RAMB16BWEs:                  14 out of      16   87%

Average Fanout of Non-Clock Nets:                3.83

Peak Memory Usage:  269 MB
Total REAL time to MAP completion:  12 secs 
Total CPU time to MAP completion:   5 secs 

NOTES:

   Related logic is defined as being logic that shares connectivity - e.g. two
   LUTs are "related" if they share common inputs.  When assembling slices,
   Map gives priority to combine logic that is related.  Doing so results in
   the best timing performance.

   Unrelated logic shares no connectivity.  Map will only begin packing
   unrelated logic into a slice once 99% of the slices are occupied through
   related logic packing.

   Note that once logic distribution reaches the 99% level through related
   logic packing, this does not mean the device is completely utilized.
   Unrelated logic packing will then begin, continuing until all usable LUTs
   and FFs are occupied.  Depending on your timing budget, increased levels of
   unrelated logic packing may adversely affect the overall timing performance
   of your design.

Table of Contents
-----------------
Section 1 - Errors
Section 2 - Warnings
Section 3 - Informational
Section 4 - Removed Logic Summary
Section 5 - Removed Logic
Section 6 - IOB Properties
Section 7 - RPMs
Section 8 - Guide Report
Section 9 - Area Group and Partition Summary
Section 10 - Timing Report
Section 11 - Configuration String Information
Section 12 - Control Set Information
Section 13 - Utilization by Hierarchy

Section 1 - Errors
------------------

Section 2 - Warnings
--------------------
WARNING:Security:42 - Your software subscription period has lapsed. Your current
version of Xilinx tools will continue to function, but you no longer qualify for
Xilinx software updates or new releases.
WARNING:Pack:266 - The function generator cpu/mux1811 failed to merge with F5
   multiplexer cpu_din<6>147_f5.  There is a conflict for the FXMUX.  The design
   will exhibit suboptimal timing.
WARNING:Pack:266 - The function generator cpu/mux1811 failed to merge with F5
   multiplexer cpu_din<7>147_f5.  There is a conflict for the FXMUX.  The design
   will exhibit suboptimal timing.
WARNING:Pack:266 - The function generator cpu/mux1811 failed to merge with F5
   multiplexer cpu_din<0>147_f5.  There is a conflict for the FXMUX.  The design
   will exhibit suboptimal timing.
WARNING:Pack:266 - The function generator cpu/Set_Addr_To_r_mux0001<1>109 failed
   to merge with F5 multiplexer cpu/Set_Addr_To_r_mux0001<0>174_f5.  There is a
   conflict for the FXMUX.  The design will exhibit suboptimal timing.
WARNING:Pack:266 - The function generator VDG/active_v_count_mux0002<0>2 failed
   to merge with F5 multiplexer VDG/active_v_count_mux0003<0>_f5.  There is a
   conflict for the FXMUX.  The design will exhibit suboptimal timing.
WARNING:Pack:266 - The function generator VDG/active_v_count_mux0002<1>1 failed
   to merge with F5 multiplexer VDG/active_v_count_mux0003<1>_f5.  There is a
   conflict for the FXMUX.  The design will exhibit suboptimal timing.
WARNING:Pack:266 - The function generator cpu/mux1811 failed to merge with F5
   multiplexer cpu_din<4>147_f5.  There is a conflict for the FXMUX.  The design
   will exhibit suboptimal timing.
WARNING:Pack:266 - The function generator cpu/mcode/Mmux_Jump_mux0008_3 failed
   to merge with F5 multiplexer cpu/mcode/Mmux_Jump_mux0015_2_f5.  There is a
   conflict for the FXMUX.  The design will exhibit suboptimal timing.
WARNING:Pack:266 - The function generator cpu/mux1811 failed to merge with F5
   multiplexer cpu_din<5>147_f5.  There is a conflict for the FXMUX.  The design
   will exhibit suboptimal timing.
WARNING:PhysDesignRules:812 - Dangling pin <DIA0> on
   block:<romc000/Mrom_DATA_mux00011>:<RAMB16BWE_RAMB16BWE>.
WARNING:PhysDesignRules:812 - Dangling pin <DIA1> on
   block:<romc000/Mrom_DATA_mux00011>:<RAMB16BWE_RAMB16BWE>.
WARNING:PhysDesignRules:812 - Dangling pin <DIA2> on
   block:<romc000/Mrom_DATA_mux00011>:<RAMB16BWE_RAMB16BWE>.
WARNING:PhysDesignRules:812 - Dangling pin <DIA3> on
   block:<romc000/Mrom_DATA_mux00011>:<RAMB16BWE_RAMB16BWE>.
WARNING:PhysDesignRules:812 - Dangling pin <DIA0> on
   block:<romc000/Mrom_DATA_mux00012>:<RAMB16BWE_RAMB16BWE>.
WARNING:PhysDesignRules:812 - Dangling pin <DIA1> on
   block:<romc000/Mrom_DATA_mux00012>:<RAMB16BWE_RAMB16BWE>.
WARNING:PhysDesignRules:812 - Dangling pin <DIA2> on
   block:<romc000/Mrom_DATA_mux00012>:<RAMB16BWE_RAMB16BWE>.
WARNING:PhysDesignRules:812 - Dangling pin <DIA3> on
   block:<romc000/Mrom_DATA_mux00012>:<RAMB16BWE_RAMB16BWE>.
WARNING:PhysDesignRules:812 - Dangling pin <DIA0> on
   block:<VDG/charrom_inst/Mrom_rom_addr_7_0_rom0000>:<RAMB16BWE_RAMB16BWE>.
WARNING:PhysDesignRules:812 - Dangling pin <DIA1> on
   block:<VDG/charrom_inst/Mrom_rom_addr_7_0_rom0000>:<RAMB16BWE_RAMB16BWE>.
WARNING:PhysDesignRules:812 - Dangling pin <DIA2> on
   block:<VDG/charrom_inst/Mrom_rom_addr_7_0_rom0000>:<RAMB16BWE_RAMB16BWE>.
WARNING:PhysDesignRules:812 - Dangling pin <DIA3> on
   block:<VDG/charrom_inst/Mrom_rom_addr_7_0_rom0000>:<RAMB16BWE_RAMB16BWE>.
WARNING:PhysDesignRules:812 - Dangling pin <DIA4> on
   block:<VDG/charrom_inst/Mrom_rom_addr_7_0_rom0000>:<RAMB16BWE_RAMB16BWE>.
WARNING:PhysDesignRules:812 - Dangling pin <DIA5> on
   block:<VDG/charrom_inst/Mrom_rom_addr_7_0_rom0000>:<RAMB16BWE_RAMB16BWE>.
WARNING:PhysDesignRules:812 - Dangling pin <DIA6> on
   block:<VDG/charrom_inst/Mrom_rom_addr_7_0_rom0000>:<RAMB16BWE_RAMB16BWE>.
WARNING:PhysDesignRules:812 - Dangling pin <DIA7> on
   block:<VDG/charrom_inst/Mrom_rom_addr_7_0_rom0000>:<RAMB16BWE_RAMB16BWE>.
WARNING:PhysDesignRules:812 - Dangling pin <DIA8> on
   block:<VDG/charrom_inst/Mrom_rom_addr_7_0_rom0000>:<RAMB16BWE_RAMB16BWE>.
WARNING:PhysDesignRules:812 - Dangling pin <DIA9> on
   block:<VDG/charrom_inst/Mrom_rom_addr_7_0_rom0000>:<RAMB16BWE_RAMB16BWE>.
WARNING:PhysDesignRules:812 - Dangling pin <DIA10> on
   block:<VDG/charrom_inst/Mrom_rom_addr_7_0_rom0000>:<RAMB16BWE_RAMB16BWE>.
WARNING:PhysDesignRules:812 - Dangling pin <DIA11> on
   block:<VDG/charrom_inst/Mrom_rom_addr_7_0_rom0000>:<RAMB16BWE_RAMB16BWE>.
WARNING:PhysDesignRules:812 - Dangling pin <DIA12> on
   block:<VDG/charrom_inst/Mrom_rom_addr_7_0_rom0000>:<RAMB16BWE_RAMB16BWE>.
WARNING:PhysDesignRules:812 - Dangling pin <DIA13> on
   block:<VDG/charrom_inst/Mrom_rom_addr_7_0_rom0000>:<RAMB16BWE_RAMB16BWE>.
WARNING:PhysDesignRules:812 - Dangling pin <DIA14> on
   block:<VDG/charrom_inst/Mrom_rom_addr_7_0_rom0000>:<RAMB16BWE_RAMB16BWE>.
WARNING:PhysDesignRules:812 - Dangling pin <DIA15> on
   block:<VDG/charrom_inst/Mrom_rom_addr_7_0_rom0000>:<RAMB16BWE_RAMB16BWE>.
WARNING:PhysDesignRules:812 - Dangling pin <DIA16> on
   block:<VDG/charrom_inst/Mrom_rom_addr_7_0_rom0000>:<RAMB16BWE_RAMB16BWE>.
WARNING:PhysDesignRules:812 - Dangling pin <DIA17> on
   block:<VDG/charrom_inst/Mrom_rom_addr_7_0_rom0000>:<RAMB16BWE_RAMB16BWE>.
WARNING:PhysDesignRules:812 - Dangling pin <DIA18> on
   block:<VDG/charrom_inst/Mrom_rom_addr_7_0_rom0000>:<RAMB16BWE_RAMB16BWE>.
WARNING:PhysDesignRules:812 - Dangling pin <DIA19> on
   block:<VDG/charrom_inst/Mrom_rom_addr_7_0_rom0000>:<RAMB16BWE_RAMB16BWE>.
WARNING:PhysDesignRules:812 - Dangling pin <DIA20> on
   block:<VDG/charrom_inst/Mrom_rom_addr_7_0_rom0000>:<RAMB16BWE_RAMB16BWE>.
WARNING:PhysDesignRules:812 - Dangling pin <DIA21> on
   block:<VDG/charrom_inst/Mrom_rom_addr_7_0_rom0000>:<RAMB16BWE_RAMB16BWE>.
WARNING:PhysDesignRules:812 - Dangling pin <DIA22> on
   block:<VDG/charrom_inst/Mrom_rom_addr_7_0_rom0000>:<RAMB16BWE_RAMB16BWE>.
WARNING:PhysDesignRules:812 - Dangling pin <DIA23> on
   block:<VDG/charrom_inst/Mrom_rom_addr_7_0_rom0000>:<RAMB16BWE_RAMB16BWE>.
WARNING:PhysDesignRules:812 - Dangling pin <DIA24> on
   block:<VDG/charrom_inst/Mrom_rom_addr_7_0_rom0000>:<RAMB16BWE_RAMB16BWE>.
WARNING:PhysDesignRules:812 - Dangling pin <DIA25> on
   block:<VDG/charrom_inst/Mrom_rom_addr_7_0_rom0000>:<RAMB16BWE_RAMB16BWE>.
WARNING:PhysDesignRules:812 - Dangling pin <DIA26> on
   block:<VDG/charrom_inst/Mrom_rom_addr_7_0_rom0000>:<RAMB16BWE_RAMB16BWE>.
WARNING:PhysDesignRules:812 - Dangling pin <DIA27> on
   block:<VDG/charrom_inst/Mrom_rom_addr_7_0_rom0000>:<RAMB16BWE_RAMB16BWE>.
WARNING:PhysDesignRules:812 - Dangling pin <DIA28> on
   block:<VDG/charrom_inst/Mrom_rom_addr_7_0_rom0000>:<RAMB16BWE_RAMB16BWE>.
WARNING:PhysDesignRules:812 - Dangling pin <DIA29> on
   block:<VDG/charrom_inst/Mrom_rom_addr_7_0_rom0000>:<RAMB16BWE_RAMB16BWE>.
WARNING:PhysDesignRules:812 - Dangling pin <DIA30> on
   block:<VDG/charrom_inst/Mrom_rom_addr_7_0_rom0000>:<RAMB16BWE_RAMB16BWE>.
WARNING:PhysDesignRules:812 - Dangling pin <DIA31> on
   block:<VDG/charrom_inst/Mrom_rom_addr_7_0_rom0000>:<RAMB16BWE_RAMB16BWE>.
WARNING:PhysDesignRules:812 - Dangling pin <DIA0> on
   block:<roma000/Mrom_DATA_mux00011>:<RAMB16BWE_RAMB16BWE>.
WARNING:PhysDesignRules:812 - Dangling pin <DIA1> on
   block:<roma000/Mrom_DATA_mux00011>:<RAMB16BWE_RAMB16BWE>.
WARNING:PhysDesignRules:812 - Dangling pin <DIA2> on
   block:<roma000/Mrom_DATA_mux00011>:<RAMB16BWE_RAMB16BWE>.
WARNING:PhysDesignRules:812 - Dangling pin <DIA3> on
   block:<roma000/Mrom_DATA_mux00011>:<RAMB16BWE_RAMB16BWE>.
WARNING:PhysDesignRules:812 - Dangling pin <DIA0> on
   block:<roma000/Mrom_DATA_mux00012>:<RAMB16BWE_RAMB16BWE>.
WARNING:PhysDesignRules:812 - Dangling pin <DIA1> on
   block:<roma000/Mrom_DATA_mux00012>:<RAMB16BWE_RAMB16BWE>.
WARNING:PhysDesignRules:812 - Dangling pin <DIA2> on
   block:<roma000/Mrom_DATA_mux00012>:<RAMB16BWE_RAMB16BWE>.
WARNING:PhysDesignRules:812 - Dangling pin <DIA3> on
   block:<roma000/Mrom_DATA_mux00012>:<RAMB16BWE_RAMB16BWE>.
WARNING:PhysDesignRules:812 - Dangling pin <DIA0> on
   block:<romf000/Mrom_DATA_mux00011>:<RAMB16BWE_RAMB16BWE>.
WARNING:PhysDesignRules:812 - Dangling pin <DIA1> on
   block:<romf000/Mrom_DATA_mux00011>:<RAMB16BWE_RAMB16BWE>.
WARNING:PhysDesignRules:812 - Dangling pin <DIA2> on
   block:<romf000/Mrom_DATA_mux00011>:<RAMB16BWE_RAMB16BWE>.
WARNING:PhysDesignRules:812 - Dangling pin <DIA3> on
   block:<romf000/Mrom_DATA_mux00011>:<RAMB16BWE_RAMB16BWE>.
WARNING:PhysDesignRules:812 - Dangling pin <DIA0> on
   block:<romf000/Mrom_DATA_mux00012>:<RAMB16BWE_RAMB16BWE>.
WARNING:PhysDesignRules:812 - Dangling pin <DIA1> on
   block:<romf000/Mrom_DATA_mux00012>:<RAMB16BWE_RAMB16BWE>.
WARNING:PhysDesignRules:812 - Dangling pin <DIA2> on
   block:<romf000/Mrom_DATA_mux00012>:<RAMB16BWE_RAMB16BWE>.
WARNING:PhysDesignRules:812 - Dangling pin <DIA3> on
   block:<romf000/Mrom_DATA_mux00012>:<RAMB16BWE_RAMB16BWE>.
WARNING:PhysDesignRules:812 - Dangling pin <DIA0> on
   block:<romd000/Mrom_DATA_mux00011>:<RAMB16BWE_RAMB16BWE>.
WARNING:PhysDesignRules:812 - Dangling pin <DIA1> on
   block:<romd000/Mrom_DATA_mux00011>:<RAMB16BWE_RAMB16BWE>.
WARNING:PhysDesignRules:812 - Dangling pin <DIA2> on
   block:<romd000/Mrom_DATA_mux00011>:<RAMB16BWE_RAMB16BWE>.
WARNING:PhysDesignRules:812 - Dangling pin <DIA3> on
   block:<romd000/Mrom_DATA_mux00011>:<RAMB16BWE_RAMB16BWE>.
WARNING:PhysDesignRules:812 - Dangling pin <DIA0> on
   block:<romd000/Mrom_DATA_mux00012>:<RAMB16BWE_RAMB16BWE>.
WARNING:PhysDesignRules:812 - Dangling pin <DIA1> on
   block:<romd000/Mrom_DATA_mux00012>:<RAMB16BWE_RAMB16BWE>.
WARNING:PhysDesignRules:812 - Dangling pin <DIA2> on
   block:<romd000/Mrom_DATA_mux00012>:<RAMB16BWE_RAMB16BWE>.
WARNING:PhysDesignRules:812 - Dangling pin <DIA3> on
   block:<romd000/Mrom_DATA_mux00012>:<RAMB16BWE_RAMB16BWE>.

Section 3 - Informational
-------------------------
INFO:Security:54 - 'xc3s200a' is a WebPack part.
INFO:MapLib:562 - No environment variables are currently set.
INFO:LIT:244 - All of the single ended outputs in this design are using slew
   rate limited output drivers. The delay on speed critical single ended outputs
   can be dramatically reduced by designating them as fast outputs.
INFO:PhysDesignRules:772 - To achieve optimal frequency synthesis performance
   with the CLKFX and CLKFX180 outputs of the DCM comp pll/DCM_INST/DCM_SP,
   consult the device Interactive Data Sheet.
INFO:PhysDesignRules:772 - To achieve optimal frequency synthesis performance
   with the CLKFX and CLKFX180 outputs of the DCM comp pll2/DCM_INST/DCM_SP,
   consult the device Interactive Data Sheet.

Section 4 - Removed Logic Summary
---------------------------------
   2 block(s) optimized away

Section 5 - Removed Logic
-------------------------

Optimized Block(s):
TYPE 		BLOCK
GND 		XST_GND
VCC 		XST_VCC

To enable printing of redundant blocks removed and signals merged, set the
detailed map report option and rerun map.

Section 6 - IOB Properties
--------------------------

+-------------------------------------------------------------------------------------------------------------------------------------------------------------------------------+
| IOB Name                           | Type             | Direction | IO Standard          | Diff  | Drive    | Slew    | Reg (s)      | Resistor | IBUF/IFD | SUSPEND          |
|                                    |                  |           |                      | Term  | Strength | Rate    |              |          | Delay    |                  |
+-------------------------------------------------------------------------------------------------------------------------------------------------------------------------------+
| CE1                                | IOB              | OUTPUT    | LVCMOS33             |       | 12       | SLOW    |              |          | 0 / 0    | 3STATE           |
| ERSTn                              | IBUF             | INPUT     | LVCMOS33             |       |          |         |              |          | 0 / 0    |                  |
| RAMOEn                             | IOB              | OUTPUT    | LVCMOS33             |       | 12       | SLOW    |              |          | 0 / 0    | 3STATE           |
| RAMWRn                             | IOB              | OUTPUT    | LVCMOS33             |       | 12       | SLOW    |              |          | 0 / 0    | 3STATE           |
| RamA<0>                            | IOB              | OUTPUT    | LVCMOS33             |       | 12       | SLOW    |              |          | 0 / 0    | 3STATE           |
| RamA<1>                            | IOB              | OUTPUT    | LVCMOS33             |       | 12       | SLOW    |              |          | 0 / 0    | 3STATE           |
| RamA<2>                            | IOB              | OUTPUT    | LVCMOS33             |       | 12       | SLOW    |              |          | 0 / 0    | 3STATE           |
| RamA<3>                            | IOB              | OUTPUT    | LVCMOS33             |       | 12       | SLOW    |              |          | 0 / 0    | 3STATE           |
| RamA<4>                            | IOB              | OUTPUT    | LVCMOS33             |       | 12       | SLOW    |              |          | 0 / 0    | 3STATE           |
| RamA<5>                            | IOB              | OUTPUT    | LVCMOS33             |       | 12       | SLOW    |              |          | 0 / 0    | 3STATE           |
| RamA<6>                            | IOB              | OUTPUT    | LVCMOS33             |       | 12       | SLOW    |              |          | 0 / 0    | 3STATE           |
| RamA<7>                            | IOB              | OUTPUT    | LVCMOS33             |       | 12       | SLOW    |              |          | 0 / 0    | 3STATE           |
| RamA<8>                            | IOB              | OUTPUT    | LVCMOS33             |       | 12       | SLOW    |              |          | 0 / 0    | 3STATE           |
| RamA<9>                            | IOB              | OUTPUT    | LVCMOS33             |       | 12       | SLOW    |              |          | 0 / 0    | 3STATE           |
| RamA<10>                           | IOB              | OUTPUT    | LVCMOS33             |       | 12       | SLOW    |              |          | 0 / 0    | 3STATE           |
| RamA<11>                           | IOB              | OUTPUT    | LVCMOS33             |       | 12       | SLOW    |              |          | 0 / 0    | 3STATE           |
| RamA<12>                           | IOB              | OUTPUT    | LVCMOS33             |       | 12       | SLOW    |              |          | 0 / 0    | 3STATE           |
| RamA<13>                           | IOB              | OUTPUT    | LVCMOS33             |       | 12       | SLOW    |              |          | 0 / 0    | 3STATE           |
| RamA<14>                           | IOB              | OUTPUT    | LVCMOS33             |       | 12       | SLOW    |              |          | 0 / 0    | 3STATE           |
| RamA<15>                           | IOB              | OUTPUT    | LVCMOS33             |       | 12       | SLOW    |              |          | 0 / 0    | 3STATE           |
| RamD<0>                            | IOB              | BIDIR     | LVCMOS33             |       | 12       | SLOW    |              |          | 0 / 0    | 3STATE           |
| RamD<1>                            | IOB              | BIDIR     | LVCMOS33             |       | 12       | SLOW    |              |          | 0 / 0    | 3STATE           |
| RamD<2>                            | IOB              | BIDIR     | LVCMOS33             |       | 12       | SLOW    |              |          | 0 / 0    | 3STATE           |
| RamD<3>                            | IOB              | BIDIR     | LVCMOS33             |       | 12       | SLOW    |              |          | 0 / 0    | 3STATE           |
| RamD<4>                            | IOB              | BIDIR     | LVCMOS33             |       | 12       | SLOW    |              |          | 0 / 0    | 3STATE           |
| RamD<5>                            | IOB              | BIDIR     | LVCMOS33             |       | 12       | SLOW    |              |          | 0 / 0    | 3STATE           |
| RamD<6>                            | IOB              | BIDIR     | LVCMOS33             |       | 12       | SLOW    |              |          | 0 / 0    | 3STATE           |
| RamD<7>                            | IOB              | BIDIR     | LVCMOS33             |       | 12       | SLOW    |              |          | 0 / 0    | 3STATE           |
| RamD<8>                            | IOB              | OUTPUT    | LVCMOS33             |       | 12       | SLOW    |              |          | 0 / 0    | 3STATE           |
| RamD<9>                            | IOB              | OUTPUT    | LVCMOS33             |       | 12       | SLOW    |              |          | 0 / 0    | 3STATE           |
| RamD<10>                           | IOB              | OUTPUT    | LVCMOS33             |       | 12       | SLOW    |              |          | 0 / 0    | 3STATE           |
| RamD<11>                           | IOB              | OUTPUT    | LVCMOS33             |       | 12       | SLOW    |              |          | 0 / 0    | 3STATE           |
| RamD<12>                           | IOB              | OUTPUT    | LVCMOS33             |       | 12       | SLOW    |              |          | 0 / 0    | 3STATE           |
| RamD<13>                           | IOB              | OUTPUT    | LVCMOS33             |       | 12       | SLOW    |              |          | 0 / 0    | 3STATE           |
| RamD<14>                           | IOB              | OUTPUT    | LVCMOS33             |       | 12       | SLOW    |              |          | 0 / 0    | 3STATE           |
| RamD<15>                           | IOB              | OUTPUT    | LVCMOS33             |       | 12       | SLOW    |              |          | 0 / 0    | 3STATE           |
| SDCLK                              | IOB              | OUTPUT    | LVCMOS33             |       | 12       | SLOW    |              |          | 0 / 0    | 3STATE           |
| SDMISO                             | IBUF             | INPUT     | LVCMOS33             |       |          |         |              |          | 0 / 0    |                  |
| SDMOSI                             | IOB              | OUTPUT    | LVCMOS33             |       | 12       | SLOW    |              |          | 0 / 0    | 3STATE           |
| SDSS                               | IOB              | OUTPUT    | LVCMOS33             |       | 12       | SLOW    |              |          | 0 / 0    | 3STATE           |
| audioR                             | IOB              | OUTPUT    | LVCMOS33             |       | 12       | SLOW    |              |          | 0 / 0    | 3STATE           |
| audiol                             | IOB              | OUTPUT    | LVCMOS33             |       | 12       | SLOW    |              |          | 0 / 0    | 3STATE           |
| blue<0>                            | IOB              | OUTPUT    | LVCMOS33             |       | 12       | SLOW    |              |          | 0 / 0    | 3STATE           |
| blue<1>                            | IOB              | OUTPUT    | LVCMOS33             |       | 12       | SLOW    |              |          | 0 / 0    | 3STATE           |
| blue<2>                            | IOB              | OUTPUT    | LVCMOS33             |       | 12       | SLOW    |              |          | 0 / 0    | 3STATE           |
| clk_25MHz                          | IBUF             | INPUT     | LVCMOS33             |       |          |         |              |          | 0 / 0    |                  |
| green<0>                           | IOB              | OUTPUT    | LVCMOS33             |       | 12       | SLOW    |              |          | 0 / 0    | 3STATE           |
| green<1>                           | IOB              | OUTPUT    | LVCMOS33             |       | 12       | SLOW    |              |          | 0 / 0    | 3STATE           |
| green<2>                           | IOB              | OUTPUT    | LVCMOS33             |       | 12       | SLOW    |              |          | 0 / 0    | 3STATE           |
| hsync                              | IOB              | OUTPUT    | LVCMOS33             |       | 12       | SLOW    |              |          | 0 / 0    | 3STATE           |
| ps2_clk                            | IBUF             | INPUT     | LVCMOS33             |       |          |         |              |          | 0 / 0    |                  |
| ps2_data                           | IBUF             | INPUT     | LVCMOS33             |       |          |         |              |          | 0 / 0    |                  |
| red<0>                             | IOB              | OUTPUT    | LVCMOS33             |       | 12       | SLOW    |              |          | 0 / 0    | 3STATE           |
| red<1>                             | IOB              | OUTPUT    | LVCMOS33             |       | 12       | SLOW    |              |          | 0 / 0    | 3STATE           |
| red<2>                             | IOB              | OUTPUT    | LVCMOS33             |       | 12       | SLOW    |              |          | 0 / 0    | 3STATE           |
| vsync                              | IOB              | OUTPUT    | LVCMOS33             |       | 12       | SLOW    |              |          | 0 / 0    | 3STATE           |
+-------------------------------------------------------------------------------------------------------------------------------------------------------------------------------+

Section 7 - RPMs
----------------

Section 8 - Guide Report
------------------------
Guide not run on this design.

Section 9 - Area Group and Partition Summary
--------------------------------------------

Partition Implementation Status
-------------------------------

  No Partitions were found in this design.

-------------------------------

Area Group Information
----------------------

  No area groups were found in this design.

----------------------

Section 10 - Timing Report
--------------------------
This design was not run using timing mode.

Section 11 - Configuration String Details
-----------------------------------------
Use the "-detail" map option to print out Configuration Strings

Section 12 - Control Set Information
------------------------------------
No control set information for this architecture.

Section 13 - Utilization by Hierarchy
-------------------------------------
Use the "-detail" map option to print out the Utilization by Hierarchy section.
